!SESSION 2007-12-21 01:09:40.618 -----------------------------------------------
eclipse.buildId=unknown
java.version=1.5.0_09
java.vendor=Sun Microsystems Inc.
BootLoader constants: OS=win32, ARCH=x86, WS=win32, NL=en_US
Framework arguments:  I:\java\jogl\JOGL\JOGL.jpx
Command-line arguments:  -os win32 -ws win32 -arch x86 I:\java\jogl\JOGL\JOGL.jpx

!ENTRY org.eclipse.osgi 4 0 2007-12-21 01:09:43.771
!MESSAGE Application error
!STACK 1
java.lang.IllegalStateException: Unable to acquire application service. Ensure that the org.eclipse.core.runtime bundle is resolved and started (see config.ini).
	at org.eclipse.core.runtime.internal.adaptor.EclipseAppLauncher.start(EclipseAppLauncher.java:65)
	at org.eclipse.core.runtime.adaptor.EclipseStarter.run(EclipseStarter.java:400)
	at org.eclipse.core.runtime.adaptor.EclipseStarter.run(EclipseStarter.java:177)
	at sun.reflect.NativeMethodAccessorImpl.invoke0(Native Method)
	at sun.reflect.NativeMethodAccessorImpl.invoke(NativeMethodAccessorImpl.java:39)
	at sun.reflect.DelegatingMethodAccessorImpl.invoke(DelegatingMethodAccessorImpl.java:25)
	at java.lang.reflect.Method.invoke(Method.java:585)
	at org.eclipse.core.launcher.Main.invokeFramework(Main.java:336)
	at org.eclipse.core.launcher.Main.basicRun(Main.java:280)
	at org.eclipse.core.launcher.Main.run(Main.java:977)
	at org.eclipse.core.launcher.Main.main(Main.java:952)
